[INFO] Scanning for projects...
[INFO] 
[INFO] ------------< io.xml.algorithms.services:discovery-server >-------------
[INFO] Building discovery-server 0.0.1-SNAPSHOT
[INFO] --------------------------------[ jar ]---------------------------------
[INFO] 
[INFO] >>> spring-boot-maven-plugin:2.6.2:run (default-cli) > test-compile @ discovery-server >>>
[INFO] 
[INFO] --- maven-resources-plugin:3.2.0:resources (default-resources) @ discovery-server ---
[INFO] Using 'UTF-8' encoding to copy filtered resources.
[INFO] Using 'UTF-8' encoding to copy filtered properties files.
[INFO] Copying 2 resources
[INFO] Copying 0 resource
[INFO] 
[INFO] --- maven-compiler-plugin:3.8.1:compile (default-compile) @ discovery-server ---
[INFO] Nothing to compile - all classes are up to date
[INFO] 
[INFO] --- maven-resources-plugin:3.2.0:testResources (default-testResources) @ discovery-server ---
[INFO] Using 'UTF-8' encoding to copy filtered resources.
[INFO] Using 'UTF-8' encoding to copy filtered properties files.
[INFO] skip non existing resourceDirectory /Users/jearley/code/algorithms/discovery-server/src/test/resources
[INFO] 
[INFO] --- maven-compiler-plugin:3.8.1:testCompile (default-testCompile) @ discovery-server ---
[INFO] Nothing to compile - all classes are up to date
[INFO] 
[INFO] <<< spring-boot-maven-plugin:2.6.2:run (default-cli) < test-compile @ discovery-server <<<
[INFO] 
[INFO] 
[INFO] --- spring-boot-maven-plugin:2.6.2:run (default-cli) @ discovery-server ---
[INFO] Attaching agents: []

  .   ____          _            __ _ _
 /\\ / ___'_ __ _ _(_)_ __  __ _ \ \ \ \
( ( )\___ | '_ | '_| | '_ \/ _` | \ \ \ \
 \\/  ___)| |_)| | | | | || (_| |  ) ) ) )
  '  |____| .__|_| |_|_| |_\__, | / / / /
 =========|_|==============|___/=/_/_/_/
 :: Spring Boot ::                (v2.6.2)

2022-01-12 20:37:31.464  INFO 86369 --- [           main] i.x.a.s.d.DiscoveryServerApplication     : Starting DiscoveryServerApplication using Java 15.0.2 on mbp-jearley with PID 86369 (/Users/jearley/code/algorithms/discovery-server/target/classes started by jearley in /Users/jearley/code/algorithms/discovery-server)
2022-01-12 20:37:31.466  INFO 86369 --- [           main] i.x.a.s.d.DiscoveryServerApplication     : No active profile set, falling back to default profiles: default
2022-01-12 20:37:32.379  INFO 86369 --- [           main] o.s.cloud.context.scope.GenericScope     : BeanFactory id=678d261b-b838-34d9-adc5-f1ab80a37f2c
2022-01-12 20:37:32.604  INFO 86369 --- [           main] o.s.b.w.embedded.tomcat.TomcatWebServer  : Tomcat initialized with port(s): 8761 (http)
2022-01-12 20:37:32.613  INFO 86369 --- [           main] o.apache.catalina.core.StandardService   : Starting service [Tomcat]
2022-01-12 20:37:32.613  INFO 86369 --- [           main] org.apache.catalina.core.StandardEngine  : Starting Servlet engine: [Apache Tomcat/9.0.56]
2022-01-12 20:37:32.729  INFO 86369 --- [           main] o.a.c.c.C.[Tomcat].[localhost].[/]       : Initializing Spring embedded WebApplicationContext
2022-01-12 20:37:32.730  INFO 86369 --- [           main] w.s.c.ServletWebServerApplicationContext : Root WebApplicationContext: initialization completed in 1218 ms
2022-01-12 20:37:33.131  INFO 86369 --- [           main] c.s.j.s.i.a.WebApplicationImpl           : Initiating Jersey application, version 'Jersey: 1.19.4 05/24/2017 03:20 PM'
2022-01-12 20:37:33.175  INFO 86369 --- [           main] c.n.d.provider.DiscoveryJerseyProvider   : Using JSON encoding codec LegacyJacksonJson
2022-01-12 20:37:33.176  INFO 86369 --- [           main] c.n.d.provider.DiscoveryJerseyProvider   : Using JSON decoding codec LegacyJacksonJson
2022-01-12 20:37:33.306  INFO 86369 --- [           main] c.n.d.provider.DiscoveryJerseyProvider   : Using XML encoding codec XStreamXml
2022-01-12 20:37:33.306  INFO 86369 --- [           main] c.n.d.provider.DiscoveryJerseyProvider   : Using XML decoding codec XStreamXml
2022-01-12 20:37:34.076  INFO 86369 --- [           main] DiscoveryClientOptionalArgsConfiguration : Eureka HTTP Client uses Jersey
2022-01-12 20:37:34.139  WARN 86369 --- [           main] iguration$LoadBalancerCaffeineWarnLogger : Spring Cloud LoadBalancer is currently working with the default cache. You can switch to using Caffeine cache, by adding it and org.springframework.cache.caffeine.CaffeineCacheManager to the classpath.
2022-01-12 20:37:34.153  INFO 86369 --- [           main] o.s.c.n.eureka.InstanceInfoFactory       : Setting initial instance status as: STARTING
2022-01-12 20:37:34.174  INFO 86369 --- [           main] com.netflix.discovery.DiscoveryClient    : Initializing Eureka in region us-east-1
2022-01-12 20:37:34.175  INFO 86369 --- [           main] com.netflix.discovery.DiscoveryClient    : Client configured to neither register nor query for data.
2022-01-12 20:37:34.180  INFO 86369 --- [           main] com.netflix.discovery.DiscoveryClient    : Discovery Client initialized at timestamp 1642045054180 with initial instances count: 0
2022-01-12 20:37:34.209  INFO 86369 --- [           main] c.n.eureka.DefaultEurekaServerContext    : Initializing ...
2022-01-12 20:37:34.211  INFO 86369 --- [           main] c.n.eureka.cluster.PeerEurekaNodes       : Adding new peer nodes [http://localhost:8761/eureka/]
2022-01-12 20:37:34.386  INFO 86369 --- [           main] c.n.d.provider.DiscoveryJerseyProvider   : Using JSON encoding codec LegacyJacksonJson
2022-01-12 20:37:34.386  INFO 86369 --- [           main] c.n.d.provider.DiscoveryJerseyProvider   : Using JSON decoding codec LegacyJacksonJson
2022-01-12 20:37:34.386  INFO 86369 --- [           main] c.n.d.provider.DiscoveryJerseyProvider   : Using XML encoding codec XStreamXml
2022-01-12 20:37:34.387  INFO 86369 --- [           main] c.n.d.provider.DiscoveryJerseyProvider   : Using XML decoding codec XStreamXml
2022-01-12 20:37:34.536  INFO 86369 --- [           main] c.n.eureka.cluster.PeerEurekaNodes       : Replica node URL:  http://localhost:8761/eureka/
2022-01-12 20:37:34.565  INFO 86369 --- [           main] c.n.e.registry.AbstractInstanceRegistry  : Finished initializing remote region registries. All known remote regions: []
2022-01-12 20:37:34.572  INFO 86369 --- [           main] c.n.eureka.DefaultEurekaServerContext    : Initialized
2022-01-12 20:37:34.578  INFO 86369 --- [           main] o.s.b.a.e.web.EndpointLinksResolver      : Exposing 1 endpoint(s) beneath base path '/actuator'
2022-01-12 20:37:34.602  INFO 86369 --- [           main] o.s.c.n.e.s.EurekaServiceRegistry        : Registering application DISCOVERY-SERVER with eureka with status UP
2022-01-12 20:37:34.604  INFO 86369 --- [       Thread-9] o.s.c.n.e.server.EurekaServerBootstrap   : Setting the eureka configuration..
2022-01-12 20:37:34.611  INFO 86369 --- [       Thread-9] o.s.c.n.e.server.EurekaServerBootstrap   : isAws returned false
2022-01-12 20:37:34.611  INFO 86369 --- [       Thread-9] o.s.c.n.e.server.EurekaServerBootstrap   : Initialized server context
2022-01-12 20:37:34.611  INFO 86369 --- [       Thread-9] c.n.e.r.PeerAwareInstanceRegistryImpl    : Got 1 instances from neighboring DS node
2022-01-12 20:37:34.611  INFO 86369 --- [       Thread-9] c.n.e.r.PeerAwareInstanceRegistryImpl    : Renew threshold is: 1
2022-01-12 20:37:34.611  INFO 86369 --- [       Thread-9] c.n.e.r.PeerAwareInstanceRegistryImpl    : Changing status to UP
2022-01-12 20:37:34.615  WARN 86369 --- [           main] ConfigServletWebServerApplicationContext : Exception encountered during context initialization - cancelling refresh attempt: org.springframework.context.ApplicationContextException: Failed to start bean 'webServerStartStop'; nested exception is org.springframework.boot.web.server.PortInUseException: Port 8761 is already in use
2022-01-12 20:37:34.616  INFO 86369 --- [           main] c.n.eureka.DefaultEurekaServerContext    : Shutting down ...
2022-01-12 20:37:34.699  INFO 86369 --- [       Thread-9] e.s.EurekaServerInitializerConfiguration : Started Eureka Server
2022-01-12 20:37:34.826  INFO 86369 --- [           main] c.n.eureka.DefaultEurekaServerContext    : Shut down
2022-01-12 20:37:34.858  INFO 86369 --- [           main] com.netflix.discovery.DiscoveryClient    : Shutting down DiscoveryClient ...
2022-01-12 20:37:34.865  INFO 86369 --- [           main] com.netflix.discovery.DiscoveryClient    : Completed shut down of DiscoveryClient
2022-01-12 20:37:34.867  INFO 86369 --- [           main] o.apache.catalina.core.StandardService   : Stopping service [Tomcat]
2022-01-12 20:37:34.885  INFO 86369 --- [           main] ConditionEvaluationReportLoggingListener : 

Error starting ApplicationContext. To display the conditions report re-run your application with 'debug' enabled.
2022-01-12 20:37:34.899 ERROR 86369 --- [           main] o.s.b.d.LoggingFailureAnalysisReporter   : 

***************************
APPLICATION FAILED TO START
***************************

Description:

Web server failed to start. Port 8761 was already in use.

Action:

Identify and stop the process that's listening on port 8761 or configure this application to listen on another port.

[INFO] ------------------------------------------------------------------------
[INFO] BUILD FAILURE
[INFO] ------------------------------------------------------------------------
[INFO] Total time:  6.133 s
[INFO] Finished at: 2022-01-12T20:37:34-07:00
[INFO] ------------------------------------------------------------------------
[ERROR] Failed to execute goal org.springframework.boot:spring-boot-maven-plugin:2.6.2:run (default-cli) on project discovery-server: Application finished with exit code: 1 -> [Help 1]
[ERROR] 
[ERROR] To see the full stack trace of the errors, re-run Maven with the -e switch.
[ERROR] Re-run Maven using the -X switch to enable full debug logging.
[ERROR] 
[ERROR] For more information about the errors and possible solutions, please read the following articles:
[ERROR] [Help 1] http://cwiki.apache.org/confluence/display/MAVEN/MojoExecutionException
