[INFO] Scanning for projects...
[INFO] 
[INFO] --------------< io.xml.algorithms.services:config-server >--------------
[INFO] Building config-server 0.0.1-SNAPSHOT
[INFO] --------------------------------[ jar ]---------------------------------
[INFO] 
[INFO] >>> spring-boot-maven-plugin:2.6.2:run (default-cli) > test-compile @ config-server >>>
[INFO] 
[INFO] --- maven-resources-plugin:3.2.0:resources (default-resources) @ config-server ---
[INFO] Using 'UTF-8' encoding to copy filtered resources.
[INFO] Using 'UTF-8' encoding to copy filtered properties files.
[INFO] Copying 1 resource
[INFO] Copying 8 resources
[INFO] 
[INFO] --- maven-compiler-plugin:3.8.1:compile (default-compile) @ config-server ---
[INFO] Nothing to compile - all classes are up to date
[INFO] 
[INFO] --- maven-resources-plugin:3.2.0:testResources (default-testResources) @ config-server ---
[INFO] Using 'UTF-8' encoding to copy filtered resources.
[INFO] Using 'UTF-8' encoding to copy filtered properties files.
[INFO] skip non existing resourceDirectory /Users/jearley/code/algorithms/config-server/src/test/resources
[INFO] 
[INFO] --- maven-compiler-plugin:3.8.1:testCompile (default-testCompile) @ config-server ---
[INFO] Nothing to compile - all classes are up to date
[INFO] 
[INFO] <<< spring-boot-maven-plugin:2.6.2:run (default-cli) < test-compile @ config-server <<<
[INFO] 
[INFO] 
[INFO] --- spring-boot-maven-plugin:2.6.2:run (default-cli) @ config-server ---
[INFO] Attaching agents: []
   ____                    __   _             ____
  / ___|   ___    _ __    / _| (_)   __ _    / ___|    ___   _ __  __   __   ___   _ __
 | |      / _ \  | '_ \  | |_  | |  / _` |   \___ \   / _ \ | '__| \ \ / /  / _ \ | '__|
 | |___  | (_) | | | | | |  _| | | | (_| |    ___) | |  __/ | |     \ V /  |  __/ | |
  \____|  \___/  |_| |_| |_|   |_|  \__, |   |____/   \___| |_|      \_/    \___| |_|
                                    |___/
 
Powered by Spring Boot 2.6.2
Copyright (c) 2021-2022 Jim Earley
Apache Licence, Version 2.0


2022-01-12 20:37:41.102  INFO 86398 --- [           main] i.x.a.s.config.ConfigServerApplication   : The following profiles are active: native
2022-01-12 20:37:41.763  INFO 86398 --- [           main] o.s.cloud.context.scope.GenericScope     : BeanFactory id=121e819f-edb4-30fd-8480-07628e827475
2022-01-12 20:37:41.962  INFO 86398 --- [           main] o.s.b.w.embedded.tomcat.TomcatWebServer  : Tomcat initialized with port(s): 0 (http)
2022-01-12 20:37:41.970  INFO 86398 --- [           main] o.apache.catalina.core.StandardService   : Starting service [Tomcat]
2022-01-12 20:37:41.970  INFO 86398 --- [           main] org.apache.catalina.core.StandardEngine  : Starting Servlet engine: [Apache Tomcat/9.0.56]
2022-01-12 20:37:42.069  INFO 86398 --- [           main] o.a.c.c.C.[Tomcat].[localhost].[/]       : Initializing Spring embedded WebApplicationContext
2022-01-12 20:37:42.070  INFO 86398 --- [           main] w.s.c.ServletWebServerApplicationContext : Root WebApplicationContext: initialization completed in 957 ms
2022-01-12 20:37:42.666  INFO 86398 --- [           main] DiscoveryClientOptionalArgsConfiguration : Eureka HTTP Client uses RestTemplate.
2022-01-12 20:37:42.826  WARN 86398 --- [           main] iguration$LoadBalancerCaffeineWarnLogger : Spring Cloud LoadBalancer is currently working with the default cache. You can switch to using Caffeine cache, by adding it and org.springframework.cache.caffeine.CaffeineCacheManager to the classpath.
2022-01-12 20:37:42.831  INFO 86398 --- [           main] o.s.b.a.e.web.EndpointLinksResolver      : Exposing 1 endpoint(s) beneath base path '/actuator'
2022-01-12 20:37:42.869  INFO 86398 --- [           main] o.s.b.w.embedded.tomcat.TomcatWebServer  : Tomcat started on port(s): 54418 (http) with context path ''
2022-01-12 20:37:42.870  INFO 86398 --- [           main] .s.c.n.e.s.EurekaAutoServiceRegistration : Updating port to 54418
2022-01-12 20:37:42.873  INFO 86398 --- [           main] o.s.c.n.eureka.InstanceInfoFactory       : Setting initial instance status as: STARTING
2022-01-12 20:37:42.935  INFO 86398 --- [           main] com.netflix.discovery.DiscoveryClient    : Initializing Eureka in region us-east-1
2022-01-12 20:37:42.940  INFO 86398 --- [           main] c.n.d.s.r.aws.ConfigClusterResolver      : Resolving eureka endpoints via configuration
2022-01-12 20:37:42.962  INFO 86398 --- [           main] com.netflix.discovery.DiscoveryClient    : Disable delta property : false
2022-01-12 20:37:42.962  INFO 86398 --- [           main] com.netflix.discovery.DiscoveryClient    : Single vip registry refresh property : null
2022-01-12 20:37:42.962  INFO 86398 --- [           main] com.netflix.discovery.DiscoveryClient    : Force full registry fetch : false
2022-01-12 20:37:42.962  INFO 86398 --- [           main] com.netflix.discovery.DiscoveryClient    : Application is null : false
2022-01-12 20:37:42.962  INFO 86398 --- [           main] com.netflix.discovery.DiscoveryClient    : Registered Applications size is zero : true
2022-01-12 20:37:42.963  INFO 86398 --- [           main] com.netflix.discovery.DiscoveryClient    : Application version is -1: true
2022-01-12 20:37:42.963  INFO 86398 --- [           main] com.netflix.discovery.DiscoveryClient    : Getting all instance registry info from the eureka server
2022-01-12 20:37:43.210  INFO 86398 --- [           main] com.netflix.discovery.DiscoveryClient    : The response status is 200
2022-01-12 20:37:43.215  INFO 86398 --- [           main] com.netflix.discovery.DiscoveryClient    : Starting heartbeat executor: renew interval is: 1
2022-01-12 20:37:43.219  INFO 86398 --- [           main] c.n.discovery.InstanceInfoReplicator     : InstanceInfoReplicator onDemand update allowed rate per min is 4
2022-01-12 20:37:43.228  INFO 86398 --- [           main] com.netflix.discovery.DiscoveryClient    : Discovery Client initialized at timestamp 1642045063228 with initial instances count: 0
2022-01-12 20:37:43.229  INFO 86398 --- [           main] o.s.c.n.e.s.EurekaServiceRegistry        : Registering application CONFIG-SERVER with eureka with status UP
2022-01-12 20:37:43.230  INFO 86398 --- [           main] com.netflix.discovery.DiscoveryClient    : Saw local status change event StatusChangeEvent [timestamp=1642045063230, current=UP, previous=STARTING]
2022-01-12 20:37:43.231  INFO 86398 --- [nfoReplicator-0] com.netflix.discovery.DiscoveryClient    : DiscoveryClient_CONFIG-SERVER/192.168.7.158:config-server:e668ce911129c57df12a22460934d0d4: registering service...
2022-01-12 20:37:43.250  INFO 86398 --- [           main] i.x.a.s.config.ConfigServerApplication   : Started ConfigServerApplication in 2.825 seconds (JVM running for 3.145)
2022-01-12 20:37:43.263  INFO 86398 --- [nfoReplicator-0] com.netflix.discovery.DiscoveryClient    : DiscoveryClient_CONFIG-SERVER/192.168.7.158:config-server:e668ce911129c57df12a22460934d0d4 - registration status: 204
2022-01-12 20:38:07.844  INFO 86398 --- [ionShutdownHook] o.s.c.n.e.s.EurekaServiceRegistry        : Unregistering application CONFIG-SERVER with eureka with status DOWN
2022-01-12 20:38:07.844  INFO 86398 --- [ionShutdownHook] com.netflix.discovery.DiscoveryClient    : Saw local status change event StatusChangeEvent [timestamp=1642045087844, current=DOWN, previous=UP]
2022-01-12 20:38:07.844  INFO 86398 --- [nfoReplicator-0] com.netflix.discovery.DiscoveryClient    : DiscoveryClient_CONFIG-SERVER/192.168.7.158:config-server:e668ce911129c57df12a22460934d0d4: registering service...
2022-01-12 20:38:07.848  INFO 86398 --- [nfoReplicator-0] com.netflix.discovery.DiscoveryClient    : DiscoveryClient_CONFIG-SERVER/192.168.7.158:config-server:e668ce911129c57df12a22460934d0d4 - registration status: 204
2022-01-12 20:38:07.863  INFO 86398 --- [ionShutdownHook] com.netflix.discovery.DiscoveryClient    : Shutting down DiscoveryClient ...
2022-01-12 20:38:10.873  INFO 86398 --- [ionShutdownHook] com.netflix.discovery.DiscoveryClient    : Unregistering ...
2022-01-12 20:38:10.875  INFO 86398 --- [ionShutdownHook] com.netflix.discovery.DiscoveryClient    : DiscoveryClient_CONFIG-SERVER/192.168.7.158:config-server:e668ce911129c57df12a22460934d0d4 - deregister  status: 200
2022-01-12 20:38:10.915  INFO 86398 --- [ionShutdownHook] com.netflix.discovery.DiscoveryClient    : Completed shut down of DiscoveryClient
